<?xml version="1.0" encoding="UTF-8"?>
<!-- Generated by org.testng.reporters.JUnitXMLReporter -->
<testsuite ignored="0" hostname="LAPTOP-KB7KK6RH" failures="0" tests="3" name="HubSpot Feature Testing - Login page - chrome" time="5.833" errors="0" timestamp="08 Apr 2022 16:19:11 GMT">
  <testcase classname="com.qa.hubspot.tests.LoginPageTest" name="verifySignUpLinkTest" time="0.166"/>
  <testcase classname="com.qa.hubspot.tests.LoginPageTest" name="verifyLoginPageTitleTest" time="0.024"/>
  <testcase classname="com.qa.hubspot.tests.LoginPageTest" name="loginTest" time="0.456"/>
</testsuite> <!-- HubSpot Feature Testing - Login page - chrome -->
