<?xml version="1.0" encoding="UTF-8"?>
<!-- Generated by org.testng.reporters.JUnitXMLReporter -->
<testsuite ignored="0" hostname="LAPTOP-KB7KK6RH" failures="0" tests="3" name="HubSpot Feature Testing - login page - firefox" time="8.496" errors="0" timestamp="08 Apr 2022 16:19:22 GMT">
  <testcase classname="com.qa.hubspot.tests.LoginPageTest" name="verifySignUpLinkTest" time="0.06"/>
  <testcase classname="com.qa.hubspot.tests.LoginPageTest" name="verifyLoginPageTitleTest" time="0.012"/>
  <testcase classname="com.qa.hubspot.tests.LoginPageTest" name="loginTest" time="0.549"/>
</testsuite> <!-- HubSpot Feature Testing - login page - firefox -->
